<?xml version="1.0" encoding="UTF-8"?>
<!-- Generated by org.testng.reporters.JUnitXMLReporter -->
<testsuite hostname="DESKTOP-OL5560M" name="TestWithChrome" tests="3" failures="0" timestamp="11 Apr 2019 17:17:09 GMT" time="104.9" errors="0">
  <testcase name="NewUserRegistrationAndLoginWithSingleData" time="27.528" classname="mercuryTours.TestCases.RegistrationWithSingleData"/>
  <testcase name="loginWithMultipleInput" time="43.067" classname="mercuryTours.TestCases.LoginWithMultipleInput"/>
  <testcase name="RegistrationWithMultipleInput" time="54.003" classname="mercuryTours.TestCases.RegistrationWithMultipleInput"/>
</testsuite> <!-- TestWithChrome -->
