<?xml version="1.0" encoding="UTF-8"?>
<!-- Generated by org.testng.reporters.JUnitXMLReporter -->
<testsuite hostname="DESKTOP-OL5560M" name="TestWithFireFox" tests="3" failures="0" timestamp="11 Apr 2019 17:18:40 GMT" time="90.801" errors="0">
  <testcase name="NewUserRegistrationAndLoginWithSingleData" time="11.528" classname="mercuryTours.TestCases.RegistrationWithSingleData"/>
  <testcase name="loginWithMultipleInput" time="32.582" classname="mercuryTours.TestCases.LoginWithMultipleInput"/>
  <testcase name="RegistrationWithMultipleInput" time="36.742" classname="mercuryTours.TestCases.RegistrationWithMultipleInput"/>
</testsuite> <!-- TestWithFireFox -->
