<?xml version="1.0" encoding="UTF-8"?>
<!-- Generated by org.testng.reporters.JUnitXMLReporter -->
<testsuite hostname="DESKTOP-OL5560M" name="Test" tests="3" failures="0" timestamp="5 Oct 2018 00:18:40 GMT" time="137.111" errors="0">
  <testcase name="NewUserLogin" time="24.234" classname="mercuryTours.TestCases.LoginWithMultipleInput"/>
  <testcase name="RegistrationWithMultipleData" time="26.055" classname="mercuryTours.TestCases.RegistrationWithMultipleInput"/>
  <testcase name="NewUserInfo" time="7.834" classname="mercuryTours.TestCases.RegistrationWithSingleData"/>
</testsuite> <!-- Test -->
