<?xml version="1.0" encoding="UTF-8"?>
<!-- Generated by org.testng.reporters.JUnitXMLReporter -->
<testsuite hostname="DESKTOP-OL5560M" name="TestWithChrome" tests="3" failures="0" timestamp="5 Oct 2018 01:00:56 GMT" time="138.531" errors="0">
  <testcase name="NewUserLogin" time="24.384" classname="mercuryTours.TestCases.LoginWithMultipleInput"/>
  <testcase name="RegistrationWithMultipleData" time="26.478" classname="mercuryTours.TestCases.RegistrationWithMultipleInput"/>
  <testcase name="NewUserInfo" time="7.661" classname="mercuryTours.TestCases.RegistrationWithSingleData"/>
</testsuite> <!-- TestWithChrome -->
