<?xml version="1.0" encoding="UTF-8"?>
<!-- Generated by org.testng.reporters.JUnitXMLReporter -->
<testsuite hostname="DESKTOP-OL5560M" name="TestWithFireFox" tests="3" failures="0" timestamp="5 Oct 2018 01:02:21 GMT" time="84.682" errors="0">
  <testcase name="NewUserLogin" time="26.586" classname="mercuryTours.TestCases.LoginWithMultipleInput"/>
  <testcase name="RegistrationWithMultipleData" time="26.711" classname="mercuryTours.TestCases.RegistrationWithMultipleInput"/>
  <testcase name="NewUserInfo" time="7.375" classname="mercuryTours.TestCases.RegistrationWithSingleData"/>
</testsuite> <!-- TestWithFireFox -->
